[INFO ] [2019-04-12 09:21:02] [main] com.zhujie.piggame.admin.Application [50] - Starting Application on DESKTOP-J7M966S with PID 3168 (F:\zhujieworkspace\piggame\piggame-admin\piggame-admin-cms\target\classes started by www in F:\zhujieworkspace\piggame)
[INFO ] [2019-04-12 09:21:02] [main] com.zhujie.piggame.admin.Application [675] - No active profile set, falling back to default profiles: default
[INFO ] [2019-04-12 09:21:06] [main] org.springframework.data.repository.config.RepositoryConfigurationDelegate [244] - Multiple Spring Data modules found, entering strict repository configuration mode!
[INFO ] [2019-04-12 09:21:06] [main] org.springframework.data.repository.config.RepositoryConfigurationDelegate [126] - Bootstrapping Spring Data repositories in DEFAULT mode.
[INFO ] [2019-04-12 09:21:06] [main] org.springframework.data.repository.config.RepositoryConfigurationDelegate [182] - Finished Spring Data repository scanning in 79ms. Found 0 repository interfaces.
[INFO ] [2019-04-12 09:21:07] [main] org.springframework.context.support.PostProcessorRegistrationDelegate$BeanPostProcessorChecker [330] - Bean 'shiroConfig' of type [com.zhujie.piggame.admin.config.shiro.ShiroConfig$$EnhancerBySpringCGLIB$$f73ed253] is not eligible for getting processed by all BeanPostProcessors (for example: not eligible for auto-proxying)
[INFO ] [2019-04-12 09:21:07] [main] org.springframework.context.support.PostProcessorRegistrationDelegate$BeanPostProcessorChecker [330] - Bean 'credentialsMatcher' of type [org.apache.shiro.authc.credential.HashedCredentialsMatcher] is not eligible for getting processed by all BeanPostProcessors (for example: not eligible for auto-proxying)
[INFO ] [2019-04-12 09:21:07] [main] org.springframework.context.support.PostProcessorRegistrationDelegate$BeanPostProcessorChecker [330] - Bean 'mybatis-plus-com.baomidou.mybatisplus.autoconfigure.MybatisPlusProperties' of type [com.baomidou.mybatisplus.autoconfigure.MybatisPlusProperties] is not eligible for getting processed by all BeanPostProcessors (for example: not eligible for auto-proxying)
[INFO ] [2019-04-12 09:21:07] [main] org.springframework.context.support.PostProcessorRegistrationDelegate$BeanPostProcessorChecker [330] - Bean 'com.baomidou.mybatisplus.autoconfigure.MybatisPlusAutoConfiguration' of type [com.baomidou.mybatisplus.autoconfigure.MybatisPlusAutoConfiguration$$EnhancerBySpringCGLIB$$38a655af] is not eligible for getting processed by all BeanPostProcessors (for example: not eligible for auto-proxying)
[INFO ] [2019-04-12 09:21:07] [main] org.springframework.context.support.PostProcessorRegistrationDelegate$BeanPostProcessorChecker [330] - Bean 'com.alibaba.druid.spring.boot.autoconfigure.DruidDataSourceAutoConfigure' of type [com.alibaba.druid.spring.boot.autoconfigure.DruidDataSourceAutoConfigure$$EnhancerBySpringCGLIB$$1489de87] is not eligible for getting processed by all BeanPostProcessors (for example: not eligible for auto-proxying)
[INFO ] [2019-04-12 09:21:07] [main] com.alibaba.druid.spring.boot.autoconfigure.DruidDataSourceAutoConfigure [56] - Init DruidDataSource
[INFO ] [2019-04-12 09:21:08] [main] org.springframework.context.support.PostProcessorRegistrationDelegate$BeanPostProcessorChecker [330] - Bean 'spring.datasource-org.springframework.boot.autoconfigure.jdbc.DataSourceProperties' of type [org.springframework.boot.autoconfigure.jdbc.DataSourceProperties] is not eligible for getting processed by all BeanPostProcessors (for example: not eligible for auto-proxying)
[INFO ] [2019-04-12 09:21:08] [main] org.springframework.context.support.PostProcessorRegistrationDelegate$BeanPostProcessorChecker [330] - Bean 'com.alibaba.druid.spring.boot.autoconfigure.stat.DruidFilterConfiguration' of type [com.alibaba.druid.spring.boot.autoconfigure.stat.DruidFilterConfiguration] is not eligible for getting processed by all BeanPostProcessors (for example: not eligible for auto-proxying)
[INFO ] [2019-04-12 09:21:08] [main] org.springframework.context.support.PostProcessorRegistrationDelegate$BeanPostProcessorChecker [330] - Bean 'statFilter' of type [com.alibaba.druid.filter.stat.StatFilter] is not eligible for getting processed by all BeanPostProcessors (for example: not eligible for auto-proxying)
[INFO ] [2019-04-12 09:21:10] [main] com.alibaba.druid.pool.DruidDataSource [930] - {dataSource-1} inited
[INFO ] [2019-04-12 09:21:10] [main] org.springframework.context.support.PostProcessorRegistrationDelegate$BeanPostProcessorChecker [330] - Bean 'dataSource' of type [com.alibaba.druid.spring.boot.autoconfigure.DruidDataSourceWrapper] is not eligible for getting processed by all BeanPostProcessors (for example: not eligible for auto-proxying)
[INFO ] [2019-04-12 09:21:10] [main] org.springframework.context.support.PostProcessorRegistrationDelegate$BeanPostProcessorChecker [330] - Bean 'sqlSessionFactory' of type [org.apache.ibatis.session.defaults.DefaultSqlSessionFactory] is not eligible for getting processed by all BeanPostProcessors (for example: not eligible for auto-proxying)
[INFO ] [2019-04-12 09:21:10] [main] org.springframework.context.support.PostProcessorRegistrationDelegate$BeanPostProcessorChecker [330] - Bean 'sqlSessionTemplate' of type [org.mybatis.spring.SqlSessionTemplate] is not eligible for getting processed by all BeanPostProcessors (for example: not eligible for auto-proxying)
[INFO ] [2019-04-12 09:21:10] [main] org.springframework.context.support.PostProcessorRegistrationDelegate$BeanPostProcessorChecker [330] - Bean 'sysUserMapper' of type [org.mybatis.spring.mapper.MapperFactoryBean] is not eligible for getting processed by all BeanPostProcessors (for example: not eligible for auto-proxying)
[INFO ] [2019-04-12 09:21:10] [main] org.springframework.context.support.PostProcessorRegistrationDelegate$BeanPostProcessorChecker [330] - Bean 'sysUserMapper' of type [com.sun.proxy.$Proxy60] is not eligible for getting processed by all BeanPostProcessors (for example: not eligible for auto-proxying)
[INFO ] [2019-04-12 09:21:10] [main] org.springframework.context.support.PostProcessorRegistrationDelegate$BeanPostProcessorChecker [330] - Bean 'sysRoleMapper' of type [org.mybatis.spring.mapper.MapperFactoryBean] is not eligible for getting processed by all BeanPostProcessors (for example: not eligible for auto-proxying)
[INFO ] [2019-04-12 09:21:10] [main] org.springframework.context.support.PostProcessorRegistrationDelegate$BeanPostProcessorChecker [330] - Bean 'sysRoleMapper' of type [com.sun.proxy.$Proxy61] is not eligible for getting processed by all BeanPostProcessors (for example: not eligible for auto-proxying)
[INFO ] [2019-04-12 09:21:10] [main] org.springframework.context.support.PostProcessorRegistrationDelegate$BeanPostProcessorChecker [330] - Bean 'sysRoleServiceImpl' of type [com.zhujie.piggame.admin.sevice.impl.SysRoleServiceImpl] is not eligible for getting processed by all BeanPostProcessors (for example: not eligible for auto-proxying)
[INFO ] [2019-04-12 09:21:10] [main] org.springframework.context.support.PostProcessorRegistrationDelegate$BeanPostProcessorChecker [330] - Bean 'sysPermissionMapper' of type [org.mybatis.spring.mapper.MapperFactoryBean] is not eligible for getting processed by all BeanPostProcessors (for example: not eligible for auto-proxying)
[INFO ] [2019-04-12 09:21:10] [main] org.springframework.context.support.PostProcessorRegistrationDelegate$BeanPostProcessorChecker [330] - Bean 'sysPermissionMapper' of type [com.sun.proxy.$Proxy63] is not eligible for getting processed by all BeanPostProcessors (for example: not eligible for auto-proxying)
[INFO ] [2019-04-12 09:21:10] [main] org.springframework.context.support.PostProcessorRegistrationDelegate$BeanPostProcessorChecker [330] - Bean 'sysPermissionServiceImpl' of type [com.zhujie.piggame.admin.sevice.impl.SysPermissionServiceImpl] is not eligible for getting processed by all BeanPostProcessors (for example: not eligible for auto-proxying)
[INFO ] [2019-04-12 09:21:10] [main] org.springframework.context.support.PostProcessorRegistrationDelegate$BeanPostProcessorChecker [330] - Bean 'sysUserServiceImpl' of type [com.zhujie.piggame.admin.sevice.impl.SysUserServiceImpl] is not eligible for getting processed by all BeanPostProcessors (for example: not eligible for auto-proxying)
[INFO ] [2019-04-12 09:21:10] [main] org.springframework.context.support.PostProcessorRegistrationDelegate$BeanPostProcessorChecker [330] - Bean 'userRealm' of type [com.zhujie.piggame.admin.config.shiro.UserRealm] is not eligible for getting processed by all BeanPostProcessors (for example: not eligible for auto-proxying)
[INFO ] [2019-04-12 09:21:10] [main] org.springframework.context.support.PostProcessorRegistrationDelegate$BeanPostProcessorChecker [330] - Bean 'securityManager' of type [org.apache.shiro.web.mgt.DefaultWebSecurityManager] is not eligible for getting processed by all BeanPostProcessors (for example: not eligible for auto-proxying)
[INFO ] [2019-04-12 09:21:10] [main] org.springframework.context.support.PostProcessorRegistrationDelegate$BeanPostProcessorChecker [330] - Bean 'authorizationAttributeSourceAdvisor' of type [org.apache.shiro.spring.security.interceptor.AuthorizationAttributeSourceAdvisor] is not eligible for getting processed by all BeanPostProcessors (for example: not eligible for auto-proxying)
[INFO ] [2019-04-12 09:21:11] [main] org.springframework.context.support.PostProcessorRegistrationDelegate$BeanPostProcessorChecker [330] - Bean 'org.springframework.transaction.annotation.ProxyTransactionManagementConfiguration' of type [org.springframework.transaction.annotation.ProxyTransactionManagementConfiguration$$EnhancerBySpringCGLIB$$fadde915] is not eligible for getting processed by all BeanPostProcessors (for example: not eligible for auto-proxying)
[INFO ] [2019-04-12 09:21:11] [main] org.springframework.boot.web.embedded.tomcat.TomcatWebServer [90] - Tomcat initialized with port(s): 80 (http)
[INFO ] [2019-04-12 09:21:11] [main] org.apache.coyote.http11.Http11NioProtocol [173] - Initializing ProtocolHandler ["http-nio-80"]
[INFO ] [2019-04-12 09:21:11] [main] org.apache.catalina.core.StandardService [173] - Starting service [Tomcat]
[INFO ] [2019-04-12 09:21:11] [main] org.apache.catalina.core.StandardEngine [173] - Starting Servlet Engine: Apache Tomcat/9.0.12
[INFO ] [2019-04-12 09:21:12] [main] org.apache.catalina.core.AprLifecycleListener [173] - The APR based Apache Tomcat Native library which allows optimal performance in production environments was not found on the java.library.path: [C:\Program Files\Java\jdk1.8.0_112\bin;C:\WINDOWS\Sun\Java\bin;C:\WINDOWS\system32;C:\WINDOWS;D:\app\www\product\11.2.0\dbhome_1\bin;C:\Program Files (x86)\NetSarang\Xshell 6\;C:\ProgramData\Oracle\Java\javapath;C:\WINDOWS\system32;C:\WINDOWS;C:\WINDOWS\System32\Wbem;C:\WINDOWS\System32\WindowsPowerShell\v1.0\;C:\Program Files (x86)\ATI Technologies\ATI.ACE\Core-Static;C:\Program Files\Java\jdk1.8.0_112\bin;D:\apache-maven-3.5.4\bin;C:\Program Files\TortoiseSVN\bin;C:\Program Files\TortoiseGit\bin;C:\WINDOWS\System32\OpenSSH\;C:\Users\www\AppData\Local\Microsoft\WindowsApps;;.]
[INFO ] [2019-04-12 09:21:12] [main] org.apache.catalina.core.ContainerBase.[Tomcat].[localhost].[/] [173] - Initializing Spring embedded WebApplicationContext
[INFO ] [2019-04-12 09:21:12] [main] org.springframework.web.context.ContextLoader [285] - Root WebApplicationContext: initialization completed in 9908 ms
[INFO ] [2019-04-12 09:21:13] [main] org.springframework.boot.web.servlet.FilterRegistrationBean [248] - Mapping filter: 'characterEncodingFilter' to: [/*]
[INFO ] [2019-04-12 09:21:13] [main] org.springframework.boot.web.servlet.FilterRegistrationBean [248] - Mapping filter: 'sessionRepositoryFilter' to: [/*]
[INFO ] [2019-04-12 09:21:13] [main] org.springframework.boot.web.servlet.FilterRegistrationBean [248] - Mapping filter: 'hiddenHttpMethodFilter' to: [/*]
[INFO ] [2019-04-12 09:21:13] [main] org.springframework.boot.web.servlet.FilterRegistrationBean [248] - Mapping filter: 'formContentFilter' to: [/*]
[INFO ] [2019-04-12 09:21:13] [main] org.springframework.boot.web.servlet.FilterRegistrationBean [248] - Mapping filter: 'requestContextFilter' to: [/*]
[INFO ] [2019-04-12 09:21:13] [main] org.springframework.boot.web.servlet.FilterRegistrationBean [261] - Mapping filter: 'webStatFilter' to urls: [/*]
[INFO ] [2019-04-12 09:21:13] [main] org.springframework.boot.web.servlet.FilterRegistrationBean [248] - Mapping filter: 'shiroFilter' to: [/*]
[INFO ] [2019-04-12 09:21:13] [main] org.springframework.boot.web.servlet.ServletRegistrationBean [186] - Servlet dispatcherServlet mapped to [/]
[INFO ] [2019-04-12 09:21:13] [main] org.springframework.boot.web.servlet.ServletRegistrationBean [186] - Servlet statViewServlet mapped to [/druid/*]
[INFO ] [2019-04-12 09:21:14] [main] org.springframework.scheduling.concurrent.ThreadPoolTaskExecutor [171] - Initializing ExecutorService 'applicationTaskExecutor'
[INFO ] [2019-04-12 09:21:16] [main] io.lettuce.core.EpollProvider [101] - Starting without optional epoll library
[INFO ] [2019-04-12 09:21:16] [main] io.lettuce.core.KqueueProvider [101] - Starting without optional kqueue library
[INFO ] [2019-04-12 09:21:17] [main] org.springframework.scheduling.annotation.ScheduledAnnotationBeanPostProcessor [295] - No TaskScheduler/ScheduledExecutorService bean found for scheduled processing
[INFO ] [2019-04-12 09:21:17] [main] org.apache.coyote.http11.Http11NioProtocol [173] - Starting ProtocolHandler ["http-nio-80"]
[INFO ] [2019-04-12 09:21:17] [main] org.apache.tomcat.util.net.NioSelectorPool [173] - Using a shared selector for servlet write/read
[INFO ] [2019-04-12 09:21:17] [main] org.springframework.boot.web.embedded.tomcat.TomcatWebServer [204] - Tomcat started on port(s): 80 (http) with context path ''
[INFO ] [2019-04-12 09:21:17] [main] com.zhujie.piggame.admin.Application [59] - Started Application in 254.353 seconds (JVM running for 444.292)
[INFO ] [2019-04-12 09:21:47] [Thread-7] org.springframework.scheduling.concurrent.ThreadPoolTaskExecutor [208] - Shutting down ExecutorService 'applicationTaskExecutor'
[INFO ] [2019-04-12 09:21:48] [Thread-7] com.alibaba.druid.pool.DruidDataSource [1825] - {dataSource-1} closed
[INFO ] [2019-04-12 09:23:29] [main] com.zhujie.piggame.admin.Application [50] - Starting Application on DESKTOP-J7M966S with PID 3708 (F:\zhujieworkspace\piggame\piggame-admin\piggame-admin-cms\target\classes started by www in F:\zhujieworkspace\piggame)
[INFO ] [2019-04-12 09:23:29] [main] com.zhujie.piggame.admin.Application [675] - No active profile set, falling back to default profiles: default
[INFO ] [2019-04-12 09:23:32] [main] org.springframework.data.repository.config.RepositoryConfigurationDelegate [244] - Multiple Spring Data modules found, entering strict repository configuration mode!
[INFO ] [2019-04-12 09:23:32] [main] org.springframework.data.repository.config.RepositoryConfigurationDelegate [126] - Bootstrapping Spring Data repositories in DEFAULT mode.
[INFO ] [2019-04-12 09:23:32] [main] org.springframework.data.repository.config.RepositoryConfigurationDelegate [182] - Finished Spring Data repository scanning in 32ms. Found 0 repository interfaces.
[INFO ] [2019-04-12 09:23:32] [main] org.springframework.context.support.PostProcessorRegistrationDelegate$BeanPostProcessorChecker [330] - Bean 'shiroConfig' of type [com.zhujie.piggame.admin.config.shiro.ShiroConfig$$EnhancerBySpringCGLIB$$610ac2ee] is not eligible for getting processed by all BeanPostProcessors (for example: not eligible for auto-proxying)
[INFO ] [2019-04-12 09:23:33] [main] org.springframework.context.support.PostProcessorRegistrationDelegate$BeanPostProcessorChecker [330] - Bean 'credentialsMatcher' of type [org.apache.shiro.authc.credential.HashedCredentialsMatcher] is not eligible for getting processed by all BeanPostProcessors (for example: not eligible for auto-proxying)
[INFO ] [2019-04-12 09:23:33] [main] org.springframework.context.support.PostProcessorRegistrationDelegate$BeanPostProcessorChecker [330] - Bean 'mybatis-plus-com.baomidou.mybatisplus.autoconfigure.MybatisPlusProperties' of type [com.baomidou.mybatisplus.autoconfigure.MybatisPlusProperties] is not eligible for getting processed by all BeanPostProcessors (for example: not eligible for auto-proxying)
[INFO ] [2019-04-12 09:23:33] [main] org.springframework.context.support.PostProcessorRegistrationDelegate$BeanPostProcessorChecker [330] - Bean 'com.baomidou.mybatisplus.autoconfigure.MybatisPlusAutoConfiguration' of type [com.baomidou.mybatisplus.autoconfigure.MybatisPlusAutoConfiguration$$EnhancerBySpringCGLIB$$a272464a] is not eligible for getting processed by all BeanPostProcessors (for example: not eligible for auto-proxying)
[INFO ] [2019-04-12 09:23:33] [main] org.springframework.context.support.PostProcessorRegistrationDelegate$BeanPostProcessorChecker [330] - Bean 'com.alibaba.druid.spring.boot.autoconfigure.DruidDataSourceAutoConfigure' of type [com.alibaba.druid.spring.boot.autoconfigure.DruidDataSourceAutoConfigure$$EnhancerBySpringCGLIB$$7e55cf22] is not eligible for getting processed by all BeanPostProcessors (for example: not eligible for auto-proxying)
[INFO ] [2019-04-12 09:23:33] [main] com.alibaba.druid.spring.boot.autoconfigure.DruidDataSourceAutoConfigure [56] - Init DruidDataSource
[INFO ] [2019-04-12 09:23:33] [main] org.springframework.context.support.PostProcessorRegistrationDelegate$BeanPostProcessorChecker [330] - Bean 'spring.datasource-org.springframework.boot.autoconfigure.jdbc.DataSourceProperties' of type [org.springframework.boot.autoconfigure.jdbc.DataSourceProperties] is not eligible for getting processed by all BeanPostProcessors (for example: not eligible for auto-proxying)
[INFO ] [2019-04-12 09:23:33] [main] org.springframework.context.support.PostProcessorRegistrationDelegate$BeanPostProcessorChecker [330] - Bean 'com.alibaba.druid.spring.boot.autoconfigure.stat.DruidFilterConfiguration' of type [com.alibaba.druid.spring.boot.autoconfigure.stat.DruidFilterConfiguration] is not eligible for getting processed by all BeanPostProcessors (for example: not eligible for auto-proxying)
[INFO ] [2019-04-12 09:23:33] [main] org.springframework.context.support.PostProcessorRegistrationDelegate$BeanPostProcessorChecker [330] - Bean 'statFilter' of type [com.alibaba.druid.filter.stat.StatFilter] is not eligible for getting processed by all BeanPostProcessors (for example: not eligible for auto-proxying)
[INFO ] [2019-04-12 09:23:35] [main] com.alibaba.druid.pool.DruidDataSource [930] - {dataSource-1} inited
[INFO ] [2019-04-12 09:23:35] [main] org.springframework.context.support.PostProcessorRegistrationDelegate$BeanPostProcessorChecker [330] - Bean 'dataSource' of type [com.alibaba.druid.spring.boot.autoconfigure.DruidDataSourceWrapper] is not eligible for getting processed by all BeanPostProcessors (for example: not eligible for auto-proxying)
[INFO ] [2019-04-12 09:23:35] [main] org.springframework.context.support.PostProcessorRegistrationDelegate$BeanPostProcessorChecker [330] - Bean 'sqlSessionFactory' of type [org.apache.ibatis.session.defaults.DefaultSqlSessionFactory] is not eligible for getting processed by all BeanPostProcessors (for example: not eligible for auto-proxying)
[INFO ] [2019-04-12 09:23:35] [main] org.springframework.context.support.PostProcessorRegistrationDelegate$BeanPostProcessorChecker [330] - Bean 'sqlSessionTemplate' of type [org.mybatis.spring.SqlSessionTemplate] is not eligible for getting processed by all BeanPostProcessors (for example: not eligible for auto-proxying)
[INFO ] [2019-04-12 09:23:35] [main] org.springframework.context.support.PostProcessorRegistrationDelegate$BeanPostProcessorChecker [330] - Bean 'sysUserMapper' of type [org.mybatis.spring.mapper.MapperFactoryBean] is not eligible for getting processed by all BeanPostProcessors (for example: not eligible for auto-proxying)
[INFO ] [2019-04-12 09:23:35] [main] org.springframework.context.support.PostProcessorRegistrationDelegate$BeanPostProcessorChecker [330] - Bean 'sysUserMapper' of type [com.sun.proxy.$Proxy60] is not eligible for getting processed by all BeanPostProcessors (for example: not eligible for auto-proxying)
[INFO ] [2019-04-12 09:23:35] [main] org.springframework.context.support.PostProcessorRegistrationDelegate$BeanPostProcessorChecker [330] - Bean 'sysRoleMapper' of type [org.mybatis.spring.mapper.MapperFactoryBean] is not eligible for getting processed by all BeanPostProcessors (for example: not eligible for auto-proxying)
[INFO ] [2019-04-12 09:23:35] [main] org.springframework.context.support.PostProcessorRegistrationDelegate$BeanPostProcessorChecker [330] - Bean 'sysRoleMapper' of type [com.sun.proxy.$Proxy61] is not eligible for getting processed by all BeanPostProcessors (for example: not eligible for auto-proxying)
[INFO ] [2019-04-12 09:23:35] [main] org.springframework.context.support.PostProcessorRegistrationDelegate$BeanPostProcessorChecker [330] - Bean 'sysRoleServiceImpl' of type [com.zhujie.piggame.admin.sevice.impl.SysRoleServiceImpl] is not eligible for getting processed by all BeanPostProcessors (for example: not eligible for auto-proxying)
[INFO ] [2019-04-12 09:23:35] [main] org.springframework.context.support.PostProcessorRegistrationDelegate$BeanPostProcessorChecker [330] - Bean 'sysPermissionMapper' of type [org.mybatis.spring.mapper.MapperFactoryBean] is not eligible for getting processed by all BeanPostProcessors (for example: not eligible for auto-proxying)
[INFO ] [2019-04-12 09:23:35] [main] org.springframework.context.support.PostProcessorRegistrationDelegate$BeanPostProcessorChecker [330] - Bean 'sysPermissionMapper' of type [com.sun.proxy.$Proxy63] is not eligible for getting processed by all BeanPostProcessors (for example: not eligible for auto-proxying)
[INFO ] [2019-04-12 09:23:35] [main] org.springframework.context.support.PostProcessorRegistrationDelegate$BeanPostProcessorChecker [330] - Bean 'sysPermissionServiceImpl' of type [com.zhujie.piggame.admin.sevice.impl.SysPermissionServiceImpl] is not eligible for getting processed by all BeanPostProcessors (for example: not eligible for auto-proxying)
[INFO ] [2019-04-12 09:23:35] [main] org.springframework.context.support.PostProcessorRegistrationDelegate$BeanPostProcessorChecker [330] - Bean 'sysUserServiceImpl' of type [com.zhujie.piggame.admin.sevice.impl.SysUserServiceImpl] is not eligible for getting processed by all BeanPostProcessors (for example: not eligible for auto-proxying)
[INFO ] [2019-04-12 09:23:35] [main] org.springframework.context.support.PostProcessorRegistrationDelegate$BeanPostProcessorChecker [330] - Bean 'userRealm' of type [com.zhujie.piggame.admin.config.shiro.UserRealm] is not eligible for getting processed by all BeanPostProcessors (for example: not eligible for auto-proxying)
[INFO ] [2019-04-12 09:23:35] [main] org.springframework.context.support.PostProcessorRegistrationDelegate$BeanPostProcessorChecker [330] - Bean 'securityManager' of type [org.apache.shiro.web.mgt.DefaultWebSecurityManager] is not eligible for getting processed by all BeanPostProcessors (for example: not eligible for auto-proxying)
[INFO ] [2019-04-12 09:23:35] [main] org.springframework.context.support.PostProcessorRegistrationDelegate$BeanPostProcessorChecker [330] - Bean 'authorizationAttributeSourceAdvisor' of type [org.apache.shiro.spring.security.interceptor.AuthorizationAttributeSourceAdvisor] is not eligible for getting processed by all BeanPostProcessors (for example: not eligible for auto-proxying)
[INFO ] [2019-04-12 09:23:35] [main] org.springframework.context.support.PostProcessorRegistrationDelegate$BeanPostProcessorChecker [330] - Bean 'org.springframework.transaction.annotation.ProxyTransactionManagementConfiguration' of type [org.springframework.transaction.annotation.ProxyTransactionManagementConfiguration$$EnhancerBySpringCGLIB$$64a9d9b0] is not eligible for getting processed by all BeanPostProcessors (for example: not eligible for auto-proxying)
[INFO ] [2019-04-12 09:23:36] [main] org.springframework.boot.web.embedded.tomcat.TomcatWebServer [90] - Tomcat initialized with port(s): 80 (http)
[INFO ] [2019-04-12 09:23:36] [main] org.apache.coyote.http11.Http11NioProtocol [173] - Initializing ProtocolHandler ["http-nio-80"]
[INFO ] [2019-04-12 09:23:36] [main] org.apache.catalina.core.StandardService [173] - Starting service [Tomcat]
[INFO ] [2019-04-12 09:23:36] [main] org.apache.catalina.core.StandardEngine [173] - Starting Servlet Engine: Apache Tomcat/9.0.12
[INFO ] [2019-04-12 09:23:36] [main] org.apache.catalina.core.AprLifecycleListener [173] - The APR based Apache Tomcat Native library which allows optimal performance in production environments was not found on the java.library.path: [C:\Program Files\Java\jdk1.8.0_112\bin;C:\WINDOWS\Sun\Java\bin;C:\WINDOWS\system32;C:\WINDOWS;D:\app\www\product\11.2.0\dbhome_1\bin;C:\Program Files (x86)\NetSarang\Xshell 6\;C:\ProgramData\Oracle\Java\javapath;C:\WINDOWS\system32;C:\WINDOWS;C:\WINDOWS\System32\Wbem;C:\WINDOWS\System32\WindowsPowerShell\v1.0\;C:\Program Files (x86)\ATI Technologies\ATI.ACE\Core-Static;C:\Program Files\Java\jdk1.8.0_112\bin;D:\apache-maven-3.5.4\bin;C:\Program Files\TortoiseSVN\bin;C:\Program Files\TortoiseGit\bin;C:\WINDOWS\System32\OpenSSH\;C:\Users\www\AppData\Local\Microsoft\WindowsApps;;.]
[INFO ] [2019-04-12 09:23:36] [main] org.apache.catalina.core.ContainerBase.[Tomcat].[localhost].[/] [173] - Initializing Spring embedded WebApplicationContext
[INFO ] [2019-04-12 09:23:36] [main] org.springframework.web.context.ContextLoader [285] - Root WebApplicationContext: initialization completed in 6179 ms
[INFO ] [2019-04-12 09:23:37] [main] org.springframework.boot.web.servlet.FilterRegistrationBean [248] - Mapping filter: 'characterEncodingFilter' to: [/*]
[INFO ] [2019-04-12 09:23:37] [main] org.springframework.boot.web.servlet.FilterRegistrationBean [248] - Mapping filter: 'sessionRepositoryFilter' to: [/*]
[INFO ] [2019-04-12 09:23:37] [main] org.springframework.boot.web.servlet.FilterRegistrationBean [248] - Mapping filter: 'hiddenHttpMethodFilter' to: [/*]
[INFO ] [2019-04-12 09:23:37] [main] org.springframework.boot.web.servlet.FilterRegistrationBean [248] - Mapping filter: 'formContentFilter' to: [/*]
[INFO ] [2019-04-12 09:23:37] [main] org.springframework.boot.web.servlet.FilterRegistrationBean [248] - Mapping filter: 'requestContextFilter' to: [/*]
[INFO ] [2019-04-12 09:23:37] [main] org.springframework.boot.web.servlet.FilterRegistrationBean [261] - Mapping filter: 'webStatFilter' to urls: [/*]
[INFO ] [2019-04-12 09:23:37] [main] org.springframework.boot.web.servlet.FilterRegistrationBean [248] - Mapping filter: 'shiroFilter' to: [/*]
[INFO ] [2019-04-12 09:23:37] [main] org.springframework.boot.web.servlet.ServletRegistrationBean [186] - Servlet dispatcherServlet mapped to [/]
[INFO ] [2019-04-12 09:23:37] [main] org.springframework.boot.web.servlet.ServletRegistrationBean [186] - Servlet statViewServlet mapped to [/druid/*]
[INFO ] [2019-04-12 09:23:38] [main] org.springframework.scheduling.concurrent.ThreadPoolTaskExecutor [171] - Initializing ExecutorService 'applicationTaskExecutor'
[INFO ] [2019-04-12 09:23:39] [main] io.lettuce.core.EpollProvider [101] - Starting without optional epoll library
[INFO ] [2019-04-12 09:23:39] [main] io.lettuce.core.KqueueProvider [101] - Starting without optional kqueue library
[INFO ] [2019-04-12 09:23:43] [main] org.springframework.scheduling.annotation.ScheduledAnnotationBeanPostProcessor [295] - No TaskScheduler/ScheduledExecutorService bean found for scheduled processing
[INFO ] [2019-04-12 09:23:43] [main] org.apache.coyote.http11.Http11NioProtocol [173] - Starting ProtocolHandler ["http-nio-80"]
[INFO ] [2019-04-12 09:23:43] [main] org.apache.tomcat.util.net.NioSelectorPool [173] - Using a shared selector for servlet write/read
[INFO ] [2019-04-12 09:23:43] [main] org.springframework.boot.web.embedded.tomcat.TomcatWebServer [204] - Tomcat started on port(s): 80 (http) with context path ''
[INFO ] [2019-04-12 09:23:45] [main] com.zhujie.piggame.admin.Application [59] - Started Application in 88.726 seconds (JVM running for 98.045)
[ERROR] [2019-04-12 13:26:40] [pool-2-thread-1] org.springframework.scheduling.support.TaskUtils$LoggingErrorHandler [96] - Unexpected error occurred in scheduled task.
org.springframework.data.redis.RedisSystemException: Redis exception; nested exception is io.lettuce.core.RedisException: java.io.IOException: 远程主机强迫关闭了一个现有的连接。
	at org.springframework.data.redis.connection.lettuce.LettuceExceptionConverter.convert(LettuceExceptionConverter.java:74)
	at org.springframework.data.redis.connection.lettuce.LettuceExceptionConverter.convert(LettuceExceptionConverter.java:41)
	at org.springframework.data.redis.PassThroughExceptionTranslationStrategy.translate(PassThroughExceptionTranslationStrategy.java:44)
	at org.springframework.data.redis.FallbackExceptionTranslationStrategy.translate(FallbackExceptionTranslationStrategy.java:42)
	at org.springframework.data.redis.connection.lettuce.LettuceConnection.convertLettuceAccessException(LettuceConnection.java:268)
	at org.springframework.data.redis.connection.lettuce.LettuceSetCommands.convertLettuceAccessException(LettuceSetCommands.java:520)
	at org.springframework.data.redis.connection.lettuce.LettuceSetCommands.sMembers(LettuceSetCommands.java:245)
	at org.springframework.data.redis.connection.DefaultedRedisConnection.sMembers(DefaultedRedisConnection.java:607)
	at org.springframework.data.redis.core.DefaultSetOperations.lambda$members$6(DefaultSetOperations.java:158)
	at org.springframework.data.redis.core.RedisTemplate.execute(RedisTemplate.java:224)
	at org.springframework.data.redis.core.RedisTemplate.execute(RedisTemplate.java:184)
	at org.springframework.data.redis.core.AbstractOperations.execute(AbstractOperations.java:95)
	at org.springframework.data.redis.core.DefaultSetOperations.members(DefaultSetOperations.java:158)
	at org.springframework.data.redis.core.DefaultBoundSetOperations.members(DefaultBoundSetOperations.java:152)
	at org.springframework.session.data.redis.RedisSessionExpirationPolicy.cleanExpiredSessions(RedisSessionExpirationPolicy.java:132)
	at org.springframework.session.data.redis.RedisOperationsSessionRepository.cleanupExpiredSessions(RedisOperationsSessionRepository.java:430)
	at org.springframework.session.data.redis.config.annotation.web.http.RedisHttpSessionConfiguration.lambda$configureTasks$0(RedisHttpSessionConfiguration.java:248)
	at org.springframework.scheduling.support.DelegatingErrorHandlingRunnable.run(DelegatingErrorHandlingRunnable.java:54)
	at org.springframework.scheduling.concurrent.ReschedulingRunnable.run(ReschedulingRunnable.java:93)
	at java.util.concurrent.Executors$RunnableAdapter.call(Executors.java:511)
	at java.util.concurrent.FutureTask.run$$$capture(FutureTask.java:266)
	at java.util.concurrent.FutureTask.run(FutureTask.java)
	at java.util.concurrent.ScheduledThreadPoolExecutor$ScheduledFutureTask.access$201(ScheduledThreadPoolExecutor.java:180)
	at java.util.concurrent.ScheduledThreadPoolExecutor$ScheduledFutureTask.run(ScheduledThreadPoolExecutor.java:293)
	at java.util.concurrent.ThreadPoolExecutor.runWorker(ThreadPoolExecutor.java:1142)
	at java.util.concurrent.ThreadPoolExecutor$Worker.run(ThreadPoolExecutor.java:617)
	at java.lang.Thread.run(Thread.java:745)
Caused by: io.lettuce.core.RedisException: java.io.IOException: 远程主机强迫关闭了一个现有的连接。
	at io.lettuce.core.LettuceFutures.awaitOrCancel(LettuceFutures.java:129)
	at io.lettuce.core.FutureSyncInvocationHandler.handleInvocation(FutureSyncInvocationHandler.java:69)
	at io.lettuce.core.internal.AbstractInvocationHandler.invoke(AbstractInvocationHandler.java:80)
	at com.sun.proxy.$Proxy92.smembers(Unknown Source)
	at org.springframework.data.redis.connection.lettuce.LettuceSetCommands.sMembers(LettuceSetCommands.java:243)
	... 20 common frames omitted
Caused by: java.io.IOException: 远程主机强迫关闭了一个现有的连接。
	at sun.nio.ch.SocketDispatcher.read0(Native Method)
	at sun.nio.ch.SocketDispatcher.read(SocketDispatcher.java:43)
	at sun.nio.ch.IOUtil.readIntoNativeBuffer(IOUtil.java:223)
	at sun.nio.ch.IOUtil.read(IOUtil.java:192)
	at sun.nio.ch.SocketChannelImpl.read(SocketChannelImpl.java:380)
	at io.netty.buffer.PooledUnsafeDirectByteBuf.setBytes(PooledUnsafeDirectByteBuf.java:288)
	at io.netty.buffer.AbstractByteBuf.writeBytes(AbstractByteBuf.java:1108)
	at io.netty.channel.socket.nio.NioSocketChannel.doReadBytes(NioSocketChannel.java:347)
	at io.netty.channel.nio.AbstractNioByteChannel$NioByteUnsafe.read(AbstractNioByteChannel.java:148)
	at io.netty.channel.nio.NioEventLoop.processSelectedKey(NioEventLoop.java:628)
	at io.netty.channel.nio.NioEventLoop.processSelectedKeysOptimized(NioEventLoop.java:563)
	at io.netty.channel.nio.NioEventLoop.processSelectedKeys(NioEventLoop.java:480)
	at io.netty.channel.nio.NioEventLoop.run(NioEventLoop.java:442)
	at io.netty.util.concurrent.SingleThreadEventExecutor$5.run(SingleThreadEventExecutor.java:884)
	at io.netty.util.concurrent.FastThreadLocalRunnable.run(FastThreadLocalRunnable.java:30)
	... 1 common frames omitted
[INFO ] [2019-04-12 13:26:40] [lettuce-eventExecutorLoop-1-1] io.lettuce.core.protocol.ConnectionWatchdog [106] - Reconnecting, last destination was /47.103.6.20:6379
[INFO ] [2019-04-12 13:26:40] [lettuce-nioEventLoop-4-3] io.lettuce.core.protocol.ReconnectionHandler [106] - Reconnected to 47.103.6.20:6379
